<?xml version="1.0" encoding="UTF-8"?>
<!-- Generated by org.testng.reporters.JUnitReportReporter -->
<testsuite hostname="HP" failures="0" tests="1" name="test.Valid_Login" time="70.318" errors="0" timestamp="2022-09-13T12:56:17 IST" skipped="0">
  <testcase classname="test.Valid_Login" name="validLogin" time="70.318"/>
  <system-out/>
</testsuite> <!-- test.Valid_Login -->
